<?xml version="1.0" encoding="UTF-8"?>
<!-- Generated by org.testng.reporters.JUnitXMLReporter -->
<testsuite ignored="2" hostname="Ashu" failures="0" tests="5" name="mytest" time="0.065" errors="0" timestamp="2025-02-21T22:06:07 IST">
  <testcase classname="grouping.Regression" name="search" time="0.011"/>
  <testcase classname="grouping.Regression" name="adv_search" time="0.001"/>
  <testcase classname="grouping.Sanity" name="openapp" time="0.003"/>
  <testcase classname="grouping.Sanity" name="login" time="0.001"/>
  <testcase classname="grouping.Sanity" name="logout" time="0.0"/>
  <testcase classname="grouping.Functional" name="addtocart" time="0.0">
    <ignored/>
  </testcase> <!-- addtocart -->
  <testcase classname="grouping.Functional" name="payment" time="0.0">
    <ignored/>
  </testcase> <!-- payment -->
</testsuite> <!-- mytest -->
