<?xml version="1.0" encoding="UTF-8"?>
<!-- Generated by org.testng.reporters.JUnitXMLReporter -->
<testsuite ignored="0" hostname="Ashu" failures="0" tests="3" name="edge" time="10.705" errors="0" timestamp="2025-02-23T19:28:41 IST">
  <testcase classname="parameterizationparallelserialexecution.Param" name="logo" time="1.424"/>
  <testcase classname="parameterizationparallelserialexecution.Param" name="title" time="0.019"/>
  <testcase classname="parameterizationparallelserialexecution.Param" name="url" time="0.018"/>
</testsuite> <!-- edge -->
