<?xml version="1.0" encoding="UTF-8"?>
<!-- Generated by org.testng.reporters.JUnitXMLReporter -->
<testsuite ignored="0" hostname="Ashu" failures="1" tests="4" name="Test" time="9.316" errors="0" timestamp="2025-02-25T23:00:24 IST">
  <testcase classname="listeners.TestforListenerclass" name="logo" time="1.427"/>
  <testcase classname="listeners.TestforListenerclass" name="title" time="0.021"/>
  <testcase classname="listeners.TestforListenerclass" name="url" time="0.02">
    <failure type="junit.framework.ComparisonFailure" message="expected:&amp;lt;...&amp;gt; but was:&amp;lt;123...&amp;gt;">
      <![CDATA[junit.framework.ComparisonFailure: expected:<...> but was:<123...>
at junit.framework.Assert.assertEquals(Assert.java:81)
at junit.framework.Assert.assertEquals(Assert.java:87)
at listeners.TestforListenerclass.url(TestforListenerclass.java:54)
at java.base/java.util.ArrayList.forEach(ArrayList.java:1597)
... Removed 25 stack frames]]>
    </failure>
  </testcase> <!-- url -->
  <testcase classname="listeners.TestforListenerclass" name="titleurl" time="0.0">
    <skipped/>
  </testcase> <!-- titleurl -->
</testsuite> <!-- Test -->
