<?xml version="1.0" encoding="UTF-8"?>
<testng-results ignored="0" total="1" passed="1" failed="0" skipped="0">
  <reporter-output>
  </reporter-output>
  <suite started-at="2025-03-04T18:18:23 IST" name="Default suite" finished-at="2025-03-04T18:18:36 IST" duration-ms="12941">
    <groups>
    </groups>
    <test started-at="2025-03-04T18:18:23 IST" name="Default test" finished-at="2025-03-04T18:18:36 IST" duration-ms="12941">
      <class name="pom.OrangeHrmTest">
        <test-method is-config="true" signature="setup()[pri:0, instance:pom.OrangeHrmTest@a1153bc]" started-at="2025-03-04T18:18:23 IST" name="setup" finished-at="2025-03-04T18:18:29 IST" duration-ms="5996" status="PASS">
          <reporter-output>
          </reporter-output>
        </test-method> <!-- setup -->
        <test-method signature="test()[pri:0, instance:pom.OrangeHrmTest@a1153bc]" started-at="2025-03-04T18:18:29 IST" name="test" finished-at="2025-03-04T18:18:35 IST" duration-ms="5680" status="PASS">
          <reporter-output>
          </reporter-output>
        </test-method> <!-- test -->
        <test-method is-config="true" signature="teardown()[pri:0, instance:pom.OrangeHrmTest@a1153bc]" started-at="2025-03-04T18:18:35 IST" name="teardown" finished-at="2025-03-04T18:18:36 IST" duration-ms="1238" status="PASS">
          <reporter-output>
          </reporter-output>
        </test-method> <!-- teardown -->
      </class> <!-- pom.OrangeHrmTest -->
    </test> <!-- Default test -->
  </suite> <!-- Default suite -->
</testng-results>
